# JRE version: Java(TM) SE Runtime Environment (8.0_144-b01) (build 1.8.0_144-b01)
# Java VM: Java HotSpot(TM) Client VM (25.144-b01 mixed mode windows-x86 )
Heap:
 def new generation   total 157248K, used 156084K [0x07000000, 0x11aa0000, 0x11aa0000)
  eden space 139776K,  99% used [0x07000000, 0x0f86d278, 0x0f880000)
  from space 17472K,  93% used [0x0f880000, 0x10880028, 0x10990000)
  to   space 17472K,   0% used [0x10990000, 0x10990000, 0x11aa0000)
 tenured generation   total 349568K, used 349567K [0x11aa0000, 0x27000000, 0x27000000)
   the space 349568K,  99% used [0x11aa0000, 0x26fffff0, 0x27000000, 0x27000000)
 Metaspace       used 19661K, capacity 20104K, committed 20352K, reserved 20864K
GC Heap History (10 events):
Event: 48368.932 GC heap before
{Heap before GC invocations=1043 (full 43):
 def new generation   total 157248K, used 157247K [0x07000000, 0x11aa0000, 0x11aa0000)
  eden space 139776K, 100% used [0x07000000, 0x0f880000, 0x0f880000)
  from space 17472K,  99% used [0x0f880000, 0x1098ffa0, 0x10990000)
  to   space 17472K,   0% used [0x10990000, 0x10990000, 0x11aa0000)
 tenured generation   total 349568K, used 349568K [0x11aa0000, 0x27000000, 0x27000000)
   the space 349568K, 100% used [0x11aa0000, 0x27000000, 0x27000000, 0x27000000)
 Metaspace       used 19661K, capacity 20104K, committed 20352K, reserved 20864K
Event: 48369.749 GC heap after
Heap after GC invocations=1044 (full 44):
 def new generation   total 157248K, used 148537K [0x07000000, 0x11aa0000, 0x11aa0000)
  eden space 139776K,  99% used [0x07000000, 0x0f87fff0, 0x0f880000)
  from space 17472K,  50% used [0x0f880000, 0x1010e6c8, 0x10990000)
  to   space 17472K,   0% used [0x10990000, 0x10990000, 0x11aa0000)
 tenured generation   total 349568K, used 349567K [0x11aa0000, 0x27000000, 0x27000000)
   the space 349568K,  99% used [0x11aa0000, 0x26fffff0, 0x27000000, 0x27000000)
 Metaspace       used 19661K, capacity 20104K, committed 20352K, reserved 20864K
}
Event: 48369.961 GC heap before
{Heap before GC invocations=1044 (full 44):
 def new generation   total 157248K, used 157247K [0x07000000, 0x11aa0000, 0x11aa0000)
  eden space 139776K, 100% used [0x07000000, 0x0f880000, 0x0f880000)
  from space 17472K,  99% used [0x0f880000, 0x1098ff48, 0x10990000)
  to   space 17472K,   0% used [0x10990000, 0x10990000, 0x11aa0000)
 tenured generation   total 349568K, used 349567K [0x11aa0000, 0x27000000, 0x27000000)
   the space 349568K,  99% used [0x11aa0000, 0x26fffff0, 0x27000000, 0x27000000)
 Metaspace       used 19661K, capacity 20104K, committed 20352K, reserved 20864K
Event: 48370.640 GC heap after
Heap after GC invocations=1045 (full 45):
 def new generation   total 157248K, used 146256K [0x07000000, 0x11aa0000, 0x11aa0000)
  eden space 139776K, 100% used [0x07000000, 0x0f880000, 0x0f880000)
  from space 17472K,  37% used [0x0f880000, 0x0fed4090, 0x10990000)
  to   space 17472K,   0% used [0x10990000, 0x10990000, 0x11aa0000)
 tenured generation   total 349568K, used 349567K [0x11aa0000, 0x27000000, 0x27000000)
   the space 349568K,  99% used [0x11aa0000, 0x26fffff0, 0x27000000, 0x27000000)
 Metaspace       used 19661K, capacity 20104K, committed 20352K, reserved 20864K
}
Event: 48370.931 GC heap before
{Heap before GC invocations=1045 (full 45):
 def new generation   total 157248K, used 157247K [0x07000000, 0x11aa0000, 0x11aa0000)
  eden space 139776K, 100% used [0x07000000, 0x0f880000, 0x0f880000)
  from space 17472K,  99% used [0x0f880000, 0x1098fff8, 0x10990000)
  to   space 17472K,   0% used [0x10990000, 0x10990000, 0x11aa0000)
 tenured generation   total 349568K, used 349568K [0x11aa0000, 0x27000000, 0x27000000)
   the space 349568K, 100% used [0x11aa0000, 0x27000000, 0x27000000, 0x27000000)
 Metaspace       used 19661K, capacity 20104K, committed 20352K, reserved 20864K
Event: 48371.690 GC heap after
Heap after GC invocations=1046 (full 46):
 def new generation   total 157248K, used 150712K [0x07000000, 0x11aa0000, 0x11aa0000)
  eden space 139776K,  99% used [0x07000000, 0x0f87fff0, 0x0f880000)
  from space 17472K,  62% used [0x0f880000, 0x1032e110, 0x10990000)
  to   space 17472K,   0% used [0x10990000, 0x10990000, 0x11aa0000)
 tenured generation   total 349568K, used 349568K [0x11aa0000, 0x27000000, 0x27000000)
   the space 349568K, 100% used [0x11aa0000, 0x27000000, 0x27000000, 0x27000000)
 Metaspace       used 19661K, capacity 20104K, committed 20352K, reserved 20864K
}
Event: 48371.809 GC heap before
{Heap before GC invocations=1046 (full 46):
 def new generation   total 157248K, used 156560K [0x07000000, 0x11aa0000, 0x11aa0000)
  eden space 139776K, 100% used [0x07000000, 0x0f880000, 0x0f880000)
  from space 17472K,  96% used [0x0f880000, 0x108e4270, 0x10990000)
  to   space 17472K,   0% used [0x10990000, 0x10990000, 0x11aa0000)
 tenured generation   total 349568K, used 349568K [0x11aa0000, 0x27000000, 0x27000000)
   the space 349568K, 100% used [0x11aa0000, 0x27000000, 0x27000000, 0x27000000)
 Metaspace       used 19661K, capacity 20104K, committed 20352K, reserved 20864K
Event: 48372.560 GC heap after
Heap after GC invocations=1047 (full 47):
 def new generation   total 157248K, used 145939K [0x07000000, 0x11aa0000, 0x11aa0000)
  eden space 139776K,  99% used [0x07000000, 0x0f87ff38, 0x0f880000)
  from space 17472K,  35% used [0x0f880000, 0x0fe84e38, 0x10990000)
  to   space 17472K,   0% used [0x10990000, 0x10990000, 0x11aa0000)
 tenured generation   total 349568K, used 349568K [0x11aa0000, 0x27000000, 0x27000000)
   the space 349568K, 100% used [0x11aa0000, 0x27000000, 0x27000000, 0x27000000)
 Metaspace       used 19661K, capacity 20104K, committed 20352K, reserved 20864K
}
Event: 48372.560 GC heap before
{Heap before GC invocations=1047 (full 47):
 def new generation   total 157248K, used 145939K [0x07000000, 0x11aa0000, 0x11aa0000)
  eden space 139776K,  99% used [0x07000000, 0x0f87ff38, 0x0f880000)
  from space 17472K,  35% used [0x0f880000, 0x0fe84e38, 0x10990000)
  to   space 17472K,   0% used [0x10990000, 0x10990000, 0x11aa0000)
 tenured generation   total 349568K, used 349568K [0x11aa0000, 0x27000000, 0x27000000)
   the space 349568K, 100% used [0x11aa0000, 0x27000000, 0x27000000, 0x27000000)
 Metaspace       used 19661K, capacity 20104K, committed 20352K, reserved 20864K
Event: 48373.287 GC heap after
Heap after GC invocations=1048 (full 48):
 def new generation   total 157248K, used 137530K [0x07000000, 0x11aa0000, 0x11aa0000)
  eden space 139776K,  98% used [0x07000000, 0x0f64ea18, 0x0f880000)
  from space 17472K,   0% used [0x0f880000, 0x0f880000, 0x10990000)
  to   space 17472K,   0% used [0x10990000, 0x10990000, 0x11aa0000)
 tenured generation   total 349568K, used 349567K [0x11aa0000, 0x27000000, 0x27000000)
   the space 349568K,  99% used [0x11aa0000, 0x26fffff0, 0x27000000, 0x27000000)
 Metaspace       used 19661K, capacity 20104K, committed 20352K, reserved 20864K
}

